<!DOCTYPE html PUBLIC "-//W3C//DTD XHTML 1.1//EN" "http://www.w3.org/TR/xhtml11/DTD/xhtml11.dtd">
<html xmlns="http://www.w3.org/1999/xhtml">
<head>
<title>TestNG Report</title>
<style type="text/css">
table {margin-bottom:10px;border-collapse:collapse;empty-cells:show}
td,th {border:1px solid #009;padding:.25em .5em}
.result th {vertical-align:bottom}
.param th {padding-left:1em;padding-right:1em}
.param td {padding-left:.5em;padding-right:2em}
.stripe td,.stripe th {background-color: #E6EBF9}
.numi,.numi_attn {text-align:right}
.total td {font-weight:bold}
.passedodd td {background-color: #0A0}
.passedeven td {background-color: #3F3}
.skippedodd td {background-color: #CCC}
.skippedodd td {background-color: #DDD}
.failedodd td,.numi_attn {background-color: #F33}
.failedeven td,.stripe .numi_attn {background-color: #D00}
.stacktrace {white-space:pre;font-family:monospace}
.totop {font-size:85%;text-align:center;border-bottom:2px solid #000}
</style>
</head>
<body>
<table cellspacing="0" cellpadding="0" class="testOverview">
<tr><th>Test</th><th>Methods<br/>Passed</th><th>Scenarios<br/>Passed</th><th># skipped</th><th># failed</th><th>Total<br/>Time</th><th>Included<br/>Groups</th><th>Excluded<br/>Groups</th></tr>
<tr><td style="text-align:left;padding-right:2em"><a href="#t1">test1</a></td><td class="numi">4</td><td class="numi">4</td><td class="numi">0</td><td class="numi_attn">3</td><td class="numi">97.4 seconds</td><td class="numi"></td><td class="numi"></td></tr>
</table>
<table cellspacing="0" cellpadding="0" class="methodOverview" id="summary">
<tr><th>Class</th><th>Method</th><th># of<br/>Scenarios</th><th>Start</th><th>Time<br/>(ms)</th></tr>
<tr id="t1"><th colspan="5">test1 &#8212; failed</th></tr>
<tr class="failedodd"><td rowspan="3">testSuite.TC_OrangeHRM</td><td><a href="#m1"><b>tc_005_search</b>  </a></td><td class="numi">1</td><td>1562565257334</td><td class="numi">8939</td></tr><tr class="failedodd"><td><a href="#m2"><b>tc_006_search</b>  </a></td><td class="numi">1</td><td>1562565269627</td><td class="numi">9570</td></tr><tr class="failedodd"><td><a href="#m3"><b>tc_007_search</b>  </a></td><td class="numi">1</td><td>1562565282619</td><td class="numi">8885</td></tr>
<tr><th colspan="5">test1 &#8212; passed</th></tr>
<tr class="passedodd"><td rowspan="4">testSuite.TC_OrangeHRM</td><td><a href="#m4"><b>tc_001_search</b>  </a></td><td class="numi">1</td><td>1562565198502</td><td class="numi">11932</td></tr><tr class="passedodd"><td><a href="#m5"><b>tc_002_search</b>  </a></td><td class="numi">1</td><td>1562565213796</td><td class="numi">10933</td></tr><tr class="passedodd"><td><a href="#m6"><b>tc_003_search</b>  </a></td><td class="numi">1</td><td>1562565228169</td><td class="numi">11947</td></tr><tr class="passedodd"><td><a href="#m7"><b>tc_004_search</b>  </a></td><td class="numi">1</td><td>1562565243652</td><td class="numi">10310</td></tr>
</table>
<h1>test1</h1>
<h2 id="m1">testSuite.TC_OrangeHRM:tc_006_search</h2>
<div>
<div class="stacktrace">org.openqa.selenium.NoSuchElementException: Cannot locate element with text: jobTitle
For documentation on this error, please visit: https://www.seleniumhq.org/exceptions/no_such_element.html
Build info: version: &apos;3.141.59&apos;, revision: &apos;e82be7d358&apos;, time: &apos;2018-11-14T08:17:03&apos;
System info: host: &apos;SYSR179&apos;, ip: &apos;192.168.2.151&apos;, os.name: &apos;Windows 10&apos;, os.arch: &apos;amd64&apos;, os.version: &apos;10.0&apos;, java.version: &apos;1.8.0_201&apos;
Driver info: driver.version: unknown
	at org.openqa.selenium.support.ui.Select.selectByVisibleText(Select.java:147)
	at Pages_HRM.Search.searchDropDown_Status(Search.java:32)
	at testSuite.TC_OrangeHRM.tc_006_search(TC_OrangeHRM.java:123)
	at java.util.concurrent.FutureTask.run(FutureTask.java:266)
	at java.util.concurrent.ThreadPoolExecutor.runWorker(ThreadPoolExecutor.java:1149)
	at java.util.concurrent.ThreadPoolExecutor$Worker.run(ThreadPoolExecutor.java:624)
	at java.lang.Thread.run(Thread.java:748)
... Removed 16 stack frames</div>
</div>
<p class="totop"><a href="#summary">back to summary</a></p>
<h2 id="m2">testSuite.TC_OrangeHRM:tc_005_search</h2>
<div>
<div class="stacktrace">org.openqa.selenium.NoSuchElementException: Cannot locate element with text: status
For documentation on this error, please visit: https://www.seleniumhq.org/exceptions/no_such_element.html
Build info: version: &apos;3.141.59&apos;, revision: &apos;e82be7d358&apos;, time: &apos;2018-11-14T08:17:03&apos;
System info: host: &apos;SYSR179&apos;, ip: &apos;192.168.2.151&apos;, os.name: &apos;Windows 10&apos;, os.arch: &apos;amd64&apos;, os.version: &apos;10.0&apos;, java.version: &apos;1.8.0_201&apos;
Driver info: driver.version: unknown
	at org.openqa.selenium.support.ui.Select.selectByVisibleText(Select.java:147)
	at Pages_HRM.Search.searchDropDown_Status(Search.java:32)
	at testSuite.TC_OrangeHRM.tc_005_search(TC_OrangeHRM.java:111)
	at java.util.concurrent.FutureTask.run(FutureTask.java:266)
	at java.util.concurrent.ThreadPoolExecutor.runWorker(ThreadPoolExecutor.java:1149)
	at java.util.concurrent.ThreadPoolExecutor$Worker.run(ThreadPoolExecutor.java:624)
	at java.lang.Thread.run(Thread.java:748)
... Removed 16 stack frames</div>
</div>
<p class="totop"><a href="#summary">back to summary</a></p>
<h2 id="m3">testSuite.TC_OrangeHRM:tc_007_search</h2>
<div>
<div class="stacktrace">org.openqa.selenium.NoSuchElementException: Cannot locate element with text: subUnit
For documentation on this error, please visit: https://www.seleniumhq.org/exceptions/no_such_element.html
Build info: version: &apos;3.141.59&apos;, revision: &apos;e82be7d358&apos;, time: &apos;2018-11-14T08:17:03&apos;
System info: host: &apos;SYSR179&apos;, ip: &apos;192.168.2.151&apos;, os.name: &apos;Windows 10&apos;, os.arch: &apos;amd64&apos;, os.version: &apos;10.0&apos;, java.version: &apos;1.8.0_201&apos;
Driver info: driver.version: unknown
	at org.openqa.selenium.support.ui.Select.selectByVisibleText(Select.java:147)
	at Pages_HRM.Search.searchDropDown_Status(Search.java:32)
	at testSuite.TC_OrangeHRM.tc_007_search(TC_OrangeHRM.java:135)
	at java.util.concurrent.FutureTask.run(FutureTask.java:266)
	at java.util.concurrent.ThreadPoolExecutor.runWorker(ThreadPoolExecutor.java:1149)
	at java.util.concurrent.ThreadPoolExecutor$Worker.run(ThreadPoolExecutor.java:624)
	at java.lang.Thread.run(Thread.java:748)
... Removed 16 stack frames</div>
</div>
<p class="totop"><a href="#summary">back to summary</a></p>
<h2 id="m4">testSuite.TC_OrangeHRM:tc_004_search</h2>
<p class="totop"><a href="#summary">back to summary</a></p>
<h2 id="m5">testSuite.TC_OrangeHRM:tc_003_search</h2>
<p class="totop"><a href="#summary">back to summary</a></p>
<h2 id="m6">testSuite.TC_OrangeHRM:tc_001_search</h2>
<p class="totop"><a href="#summary">back to summary</a></p>
<h2 id="m7">testSuite.TC_OrangeHRM:tc_002_search</h2>
<p class="totop"><a href="#summary">back to summary</a></p>
</body></html>
